{
  "date": "2021-12-24T10:44:48.410081400",
  "Spectacol 3": {
    "sold": 0,
    "locuri_vandute": []
  },
  "Spectacol 2": {
    "sold": 0,
    "locuri_vandute": []
  },
  "Spectacol 1": {
    "sold": 0,
    "locuri_vandute": []
  }
}, corect
{
  "date": "2021-12-24T10:44:53.438139100",
  "Spectacol 3": {
    "sold": 0,
    "locuri_vandute": []
  },
  "Spectacol 2": {
    "sold": 0,
    "locuri_vandute": []
  },
  "Spectacol 1": {
    "sold": 0,
    "locuri_vandute": []
  }
}, corect
{
  "date": "2021-12-24T10:44:58.452445100",
  "Spectacol 3": {
    "sold": 750,
    "locuri_vandute": [
      85,
      35,
      67,
      5,
      27
    ]
  },
  "Spectacol 2": {
    "sold": 800,
    "locuri_vandute": [
      41,
      59,
      77,
      45
    ]
  },
  "Spectacol 1": {
    "sold": 0,
    "locuri_vandute": []
  }
}, corect
{
  "date": "2021-12-24T10:45:03.465996400",
  "Spectacol 3": {
    "sold": 1050,
    "locuri_vandute": [
      85,
      35,
      67,
      5,
      27,
      1,
      56
    ]
  },
  "Spectacol 2": {
    "sold": 1800,
    "locuri_vandute": [
      41,
      59,
      77,
      45,
      17,
      96,
      27,
      57,
      14
    ]
  },
  "Spectacol 1": {
    "sold": 0,
    "locuri_vandute": []
  }
}, corect
{
  "date": "2021-12-24T10:45:08.484481500",
  "Spectacol 3": {
    "sold": 1050,
    "locuri_vandute": [
      85,
      35,
      67,
      5,
      27,
      1,
      56
    ]
  },
  "Spectacol 2": {
    "sold": 1800,
    "locuri_vandute": [
      41,
      59,
      77,
      45,
      17,
      96,
      27,
      57,
      14
    ]
  },
  "Spectacol 1": {
    "sold": 800,
    "locuri_vandute": [
      86,
      20,
      70,
      85,
      27,
      78,
      4,
      58
    ]
  }
}, corect
{
  "date": "2021-12-24T10:45:13.505",
  "Spectacol 3": {
    "sold": 1050,
    "locuri_vandute": [
      85,
      35,
      67,
      5,
      27,
      1,
      56
    ]
  },
  "Spectacol 2": {
    "sold": 2600,
    "locuri_vandute": [
      41,
      59,
      77,
      45,
      17,
      96,
      27,
      57,
      14,
      84,
      56,
      35,
      38
    ]
  },
  "Spectacol 1": {
    "sold": 900,
    "locuri_vandute": [
      86,
      20,
      70,
      85,
      27,
      78,
      4,
      58,
      47
    ]
  }
}, corect
{
  "date": "2021-12-24T10:45:18.512958100",
  "Spectacol 3": {
    "sold": 1050,
    "locuri_vandute": [
      85,
      35,
      67,
      5,
      27,
      1,
      56
    ]
  },
  "Spectacol 2": {
    "sold": 3600,
    "locuri_vandute": [
      41,
      59,
      77,
      45,
      17,
      96,
      27,
      57,
      14,
      84,
      56,
      35,
      38,
      31,
      54,
      81,
      40,
      90
    ]
  },
  "Spectacol 1": {
    "sold": 1700,
    "locuri_vandute": [
      86,
      20,
      70,
      85,
      27,
      78,
      4,
      58,
      47,
      51,
      65,
      35,
      31,
      72,
      25,
      32,
      3
    ]
  }
}, corect
{
  "date": "2021-12-24T10:45:23.528931300",
  "Spectacol 3": {
    "sold": 1650,
    "locuri_vandute": [
      85,
      35,
      67,
      5,
      27,
      1,
      56,
      45,
      13,
      49,
      3
    ]
  },
  "Spectacol 2": {
    "sold": 3600,
    "locuri_vandute": [
      41,
      59,
      77,
      45,
      17,
      96,
      27,
      57,
      14,
      84,
      56,
      35,
      38,
      31,
      54,
      81,
      40,
      90
    ]
  },
  "Spectacol 1": {
    "sold": 1800,
    "locuri_vandute": [
      86,
      20,
      70,
      85,
      27,
      78,
      4,
      58,
      47,
      51,
      65,
      35,
      31,
      72,
      25,
      32,
      3,
      49
    ]
  }
}, corect
{
  "date": "2021-12-24T10:45:28.538347100",
  "Spectacol 3": {
    "sold": 1650,
    "locuri_vandute": [
      85,
      35,
      67,
      5,
      27,
      1,
      56,
      45,
      13,
      49,
      3
    ]
  },
  "Spectacol 2": {
    "sold": 6000,
    "locuri_vandute": [
      41,
      59,
      77,
      45,
      17,
      96,
      27,
      57,
      14,
      84,
      56,
      35,
      38,
      31,
      54,
      81,
      40,
      90,
      83,
      55,
      74,
      66,
      29,
      91,
      1,
      47,
      15,
      69,
      23,
      85
    ]
  },
  "Spectacol 1": {
    "sold": 1800,
    "locuri_vandute": [
      86,
      20,
      70,
      85,
      27,
      78,
      4,
      58,
      47,
      51,
      65,
      35,
      31,
      72,
      25,
      32,
      3,
      49
    ]
  }
}, corect
{
  "date": "2021-12-24T10:45:33.553940600",
  "Spectacol 3": {
    "sold": 1650,
    "locuri_vandute": [
      85,
      35,
      67,
      5,
      27,
      1,
      56,
      45,
      13,
      49,
      3
    ]
  },
  "Spectacol 2": {
    "sold": 6600,
    "locuri_vandute": [
      41,
      59,
      77,
      45,
      17,
      96,
      27,
      57,
      14,
      84,
      56,
      35,
      38,
      31,
      54,
      81,
      40,
      90,
      83,
      55,
      74,
      66,
      29,
      91,
      1,
      47,
      15,
      69,
      23,
      85,
      11,
      2,
      99
    ]
  },
  "Spectacol 1": {
    "sold": 1900,
    "locuri_vandute": [
      86,
      20,
      70,
      85,
      27,
      78,
      4,
      58,
      47,
      51,
      65,
      35,
      31,
      72,
      25,
      32,
      3,
      49,
      67
    ]
  }
}, corect
{
  "date": "2021-12-24T10:45:38.580125500",
  "Spectacol 3": {
    "sold": 2100,
    "locuri_vandute": [
      85,
      35,
      67,
      5,
      27,
      1,
      56,
      45,
      13,
      49,
      3,
      78,
      19,
      20
    ]
  },
  "Spectacol 2": {
    "sold": 6600,
    "locuri_vandute": [
      41,
      59,
      77,
      45,
      17,
      96,
      27,
      57,
      14,
      84,
      56,
      35,
      38,
      31,
      54,
      81,
      40,
      90,
      83,
      55,
      74,
      66,
      29,
      91,
      1,
      47,
      15,
      69,
      23,
      85,
      11,
      2,
      99
    ]
  },
  "Spectacol 1": {
    "sold": 2600,
    "locuri_vandute": [
      86,
      20,
      70,
      85,
      27,
      78,
      4,
      58,
      47,
      51,
      65,
      35,
      31,
      72,
      25,
      32,
      3,
      49,
      67,
      44,
      81,
      93,
      91,
      10,
      66,
      39
    ]
  }
}, corect
{
  "date": "2021-12-24T10:45:43.600382500",
  "Spectacol 3": {
    "sold": 2100,
    "locuri_vandute": [
      85,
      35,
      67,
      5,
      27,
      1,
      56,
      45,
      13,
      49,
      3,
      78,
      19,
      20
    ]
  },
  "Spectacol 2": {
    "sold": 6600,
    "locuri_vandute": [
      41,
      59,
      77,
      45,
      17,
      96,
      27,
      57,
      14,
      84,
      56,
      35,
      38,
      31,
      54,
      81,
      40,
      90,
      83,
      55,
      74,
      66,
      29,
      91,
      1,
      47,
      15,
      69,
      23,
      85,
      11,
      2,
      99
    ]
  },
  "Spectacol 1": {
    "sold": 2900,
    "locuri_vandute": [
      86,
      20,
      70,
      85,
      27,
      78,
      4,
      58,
      47,
      51,
      65,
      35,
      31,
      72,
      25,
      32,
      3,
      49,
      67,
      44,
      81,
      93,
      91,
      10,
      66,
      39,
      94,
      53,
      23
    ]
  }
}, corect
